<?xml version="1.0" encoding="UTF-8"?>
<!-- Generated by org.testng.reporters.JUnitXMLReporter -->
<testsuite hostname="ATMECSINLT-283" ignored="0" name="heatClinicTest" tests="7" failures="0" timestamp="2019-11-19T16:06:10 IST" time="0.196" errors="0">
  <testcase name="@BeforeTest configSetup" time="0.001" classname="com.atmecs.qa.testbase.TestBase">
    <failure type="java.lang.NullPointerException">
      <![CDATA[java.lang.NullPointerException
at com.atmecs.qa.testbase.TestBase.configSetup(TestBase.java:56)
... Removed 25 stack frames]]>
    </failure>
  </testcase> <!-- @BeforeTest configSetup -->
  <testcase name="@AfterTest endReport" time="-1.57415977071E9" classname="com.atmecs.qa.testbase.TestBase">
    <skipped/>
  </testcase> <!-- @AfterTest endReport -->
  <testcase name="clickMenuVerify" time="0.0" classname="com.atmecs.qa.script.HeatClinicScript">
    <skipped/>
  </testcase> <!-- clickMenuVerify -->
  <testcase name="clickMenuVerify" time="0.0" classname="com.atmecs.qa.script.HeatClinicScript">
    <skipped/>
  </testcase> <!-- clickMenuVerify -->
  <testcase name="clickMenuVerify" time="0.0" classname="com.atmecs.qa.script.HeatClinicScript">
    <skipped/>
  </testcase> <!-- clickMenuVerify -->
  <testcase name="clickMenuVerify" time="0.0" classname="com.atmecs.qa.script.HeatClinicScript">
    <skipped/>
  </testcase> <!-- clickMenuVerify -->
  <testcase name="clickMenuVerify" time="0.0" classname="com.atmecs.qa.script.HeatClinicScript">
    <skipped/>
  </testcase> <!-- clickMenuVerify -->
  <testcase name="clickMenuVerify" time="0.0" classname="com.atmecs.qa.script.HeatClinicScript">
    <skipped/>
  </testcase> <!-- clickMenuVerify -->
  <testcase name="clickMerchantVerifyProduct" time="0.0" classname="com.atmecs.qa.script.HeatClinicScript">
    <skipped/>
  </testcase> <!-- clickMerchantVerifyProduct -->
</testsuite> <!-- heatClinicTest -->
