<?xml version="1.0" encoding="UTF-8"?>
<!-- Generated by org.testng.reporters.JUnitXMLReporter -->
<testsuite hostname="ATMECSINLT-283" ignored="0" name="tutorialNinjaTest" tests="2" failures="0" timestamp="2019-11-19T16:06:10 IST" time="0.949" errors="0">
  <testcase name="validateHomePage" time="0.0" classname="com.atmecs.qa.script.TutorialsNinjaScript">
    <skipped/>
  </testcase> <!-- validateHomePage -->
  <testcase name="searchItemMethod" time="0.0" classname="com.atmecs.qa.script.TutorialsNinjaScript">
    <skipped/>
  </testcase> <!-- searchItemMethod -->
</testsuite> <!-- tutorialNinjaTest -->
