<?xml version="1.0" encoding="UTF-8"?>
<!-- Generated by org.testng.reporters.JUnitXMLReporter -->
<testsuite hostname="ATMECSINLT-283" ignored="0" name="tutorialNinjaTest" tests="2" failures="0" timestamp="2019-11-19T16:39:16 IST" time="0.188" errors="0">
  <testcase name="@BeforeTest configSetup" time="0.0" classname="com.atmecs.qa.testbase.TestBase">
    <failure type="java.lang.NullPointerException">
      <![CDATA[java.lang.NullPointerException
at com.atmecs.qa.testbase.TestBase.configSetup(TestBase.java:56)
... Removed 25 stack frames]]>
    </failure>
  </testcase> <!-- @BeforeTest configSetup -->
  <testcase name="@AfterTest endReport" time="-1.574161756209E9" classname="com.atmecs.qa.testbase.TestBase">
    <skipped/>
  </testcase> <!-- @AfterTest endReport -->
  <testcase name="validateHomePage" time="0.0" classname="com.atmecs.qa.script.TutorialsNinjaScript">
    <skipped/>
  </testcase> <!-- validateHomePage -->
  <testcase name="searchItemMethod" time="0.0" classname="com.atmecs.qa.script.TutorialsNinjaScript">
    <skipped/>
  </testcase> <!-- searchItemMethod -->
</testsuite> <!-- tutorialNinjaTest -->
