<?xml version="1.0" encoding="UTF-8"?>
<testng-results skipped="0" failed="0" ignored="0" total="9" passed="9">
  <reporter-output>
  </reporter-output>
  <suite name="assesmentScriptSuit" duration-ms="0" started-at="2019-11-19T18:51:11 IST" finished-at="2019-11-19T18:51:11 IST">
    <groups>
    </groups>
  </suite> <!-- assesmentScriptSuit -->
  <suite name="heatClinicScript" duration-ms="32948" started-at="2019-11-19T18:49:43 IST" finished-at="2019-11-19T18:50:16 IST">
    <groups>
    </groups>
    <test name="heatClinicTest" duration-ms="32948" started-at="2019-11-19T18:49:43 IST" finished-at="2019-11-19T18:50:16 IST">
      <class name="com.atmecs.qa.script.HeatClinicScript">
        <test-method status="PASS" signature="configSetup(java.lang.String, java.lang.String)[pri:0, instance:com.atmecs.qa.script.HeatClinicScript@2758fe70]" name="configSetup" is-config="true" duration-ms="5376" started-at="2019-11-19T18:49:43 IST" finished-at="2019-11-19T18:49:49 IST">
          <params>
            <param index="0">
              <value>
                <![CDATA[ie]]>
              </value>
            </param>
            <param index="1">
              <value>
                <![CDATA[http://10.10.10.232:8080/]]>
              </value>
            </param>
          </params>
          <reporter-output>
          </reporter-output>
        </test-method> <!-- configSetup -->
        <test-method status="PASS" signature="clickMenuVerify(java.lang.String)[pri:1, instance:com.atmecs.qa.script.HeatClinicScript@2758fe70]" name="clickMenuVerify" duration-ms="2021" started-at="2019-11-19T18:49:50 IST" data-provider="title" finished-at="2019-11-19T18:49:52 IST">
          <params>
            <param index="0">
              <value>
                <![CDATA[Broadleaf Demo - Heat Clinic]]>
              </value>
            </param>
          </params>
          <reporter-output>
          </reporter-output>
        </test-method> <!-- clickMenuVerify -->
        <test-method status="PASS" signature="clickMenuVerify(java.lang.String)[pri:1, instance:com.atmecs.qa.script.HeatClinicScript@2758fe70]" name="clickMenuVerify" duration-ms="1997" started-at="2019-11-19T18:49:52 IST" data-provider="title" finished-at="2019-11-19T18:49:54 IST">
          <params>
            <param index="0">
              <value>
                <![CDATA[Broadleaf Commerce Demo Store - Heat Clinic - Hot Sauces]]>
              </value>
            </param>
          </params>
          <reporter-output>
          </reporter-output>
        </test-method> <!-- clickMenuVerify -->
        <test-method status="PASS" signature="clickMenuVerify(java.lang.String)[pri:1, instance:com.atmecs.qa.script.HeatClinicScript@2758fe70]" name="clickMenuVerify" duration-ms="1906" started-at="2019-11-19T18:49:54 IST" data-provider="title" finished-at="2019-11-19T18:49:56 IST">
          <params>
            <param index="0">
              <value>
                <![CDATA[Broadleaf Commerce Demo Store - Heat Clinic - Merchandise]]>
              </value>
            </param>
          </params>
          <reporter-output>
          </reporter-output>
        </test-method> <!-- clickMenuVerify -->
        <test-method status="PASS" signature="clickMenuVerify(java.lang.String)[pri:1, instance:com.atmecs.qa.script.HeatClinicScript@2758fe70]" name="clickMenuVerify" duration-ms="2409" started-at="2019-11-19T18:49:56 IST" data-provider="title" finished-at="2019-11-19T18:49:59 IST">
          <params>
            <param index="0">
              <value>
                <![CDATA[Broadleaf Commerce Demo Store - Heat Clinic - Clearance]]>
              </value>
            </param>
          </params>
          <reporter-output>
          </reporter-output>
        </test-method> <!-- clickMenuVerify -->
        <test-method status="PASS" signature="clickMenuVerify(java.lang.String)[pri:1, instance:com.atmecs.qa.script.HeatClinicScript@2758fe70]" name="clickMenuVerify" duration-ms="1684" started-at="2019-11-19T18:49:59 IST" data-provider="title" finished-at="2019-11-19T18:50:00 IST">
          <params>
            <param index="0">
              <value>
                <![CDATA[Broadleaf Commerce Demo Store - Heat Clinic - New to Hot Sauce]]>
              </value>
            </param>
          </params>
          <reporter-output>
          </reporter-output>
        </test-method> <!-- clickMenuVerify -->
        <test-method status="PASS" signature="clickMenuVerify(java.lang.String)[pri:1, instance:com.atmecs.qa.script.HeatClinicScript@2758fe70]" name="clickMenuVerify" duration-ms="1492" started-at="2019-11-19T18:50:00 IST" data-provider="title" finished-at="2019-11-19T18:50:02 IST">
          <params>
            <param index="0">
              <value>
                <![CDATA[Broadleaf Commerce Demo Store - Heat Clinic - FAQ]]>
              </value>
            </param>
          </params>
          <reporter-output>
          </reporter-output>
        </test-method> <!-- clickMenuVerify -->
        <test-method status="PASS" signature="clickMerchantVerifyProduct(java.lang.String, java.lang.String, java.lang.String, java.lang.String, java.lang.String, java.lang.String, java.lang.String, java.lang.String, java.lang.String, java.lang.String)[pri:2, instance:com.atmecs.qa.script.HeatClinicScript@2758fe70]" name="clickMerchantVerifyProduct" duration-ms="13875" started-at="2019-11-19T18:50:02 IST" data-provider="product" finished-at="2019-11-19T18:50:16 IST">
          <params>
            <param index="0">
              <value>
                <![CDATA[Viewing Mens (1 - 3 of 3)]]>
              </value>
            </param>
            <param index="1">
              <value>
                <![CDATA[mohit]]>
              </value>
            </param>
            <param index="2">
              <value>
                <![CDATA[Hawt Like a Habanero Shirt (Men's)]]>
              </value>
            </param>
            <param index="3">
              <value>
                <![CDATA[Shirt Size: M]]>
              </value>
            </param>
            <param index="4">
              <value>
                <![CDATA[Personalized Name: mohit]]>
              </value>
            </param>
            <param index="5">
              <value>
                <![CDATA[Shirt Color: Red]]>
              </value>
            </param>
            <param index="6">
              <value>
                <![CDATA[$14.99]]>
              </value>
            </param>
            <param index="7">
              <value>
                <![CDATA[$14.99]]>
              </value>
            </param>
            <param index="8">
              <value>
                <![CDATA[2]]>
              </value>
            </param>
            <param index="9">
              <value>
                <![CDATA[$29.98]]>
              </value>
            </param>
          </params>
          <reporter-output>
          </reporter-output>
        </test-method> <!-- clickMerchantVerifyProduct -->
        <test-method status="PASS" signature="endReport()[pri:0, instance:com.atmecs.qa.script.HeatClinicScript@2758fe70]" name="endReport" is-config="true" duration-ms="570" started-at="2019-11-19T18:50:16 IST" finished-at="2019-11-19T18:50:16 IST">
          <reporter-output>
          </reporter-output>
        </test-method> <!-- endReport -->
      </class> <!-- com.atmecs.qa.script.HeatClinicScript -->
    </test> <!-- heatClinicTest -->
  </suite> <!-- heatClinicScript -->
  <suite name="tutorialsNinjaScript" duration-ms="54860" started-at="2019-11-19T18:50:16 IST" finished-at="2019-11-19T18:51:11 IST">
    <groups>
    </groups>
    <test name="tutorialNinjaTest" duration-ms="54860" started-at="2019-11-19T18:50:16 IST" finished-at="2019-11-19T18:51:11 IST">
      <class name="com.atmecs.qa.script.TutorialsNinjaScript">
        <test-method status="PASS" signature="configSetup(java.lang.String, java.lang.String)[pri:0, instance:com.atmecs.qa.script.TutorialsNinjaScript@5d76b067]" name="configSetup" is-config="true" duration-ms="3286" started-at="2019-11-19T18:50:16 IST" finished-at="2019-11-19T18:50:20 IST">
          <params>
            <param index="0">
              <value>
                <![CDATA[ie]]>
              </value>
            </param>
            <param index="1">
              <value>
                <![CDATA[http://tutorialsninja.com/demo/]]>
              </value>
            </param>
          </params>
          <reporter-output>
          </reporter-output>
        </test-method> <!-- configSetup -->
        <test-method status="PASS" signature="validateHomePage()[pri:1, instance:com.atmecs.qa.script.TutorialsNinjaScript@5d76b067]" name="validateHomePage" duration-ms="31" started-at="2019-11-19T18:50:20 IST" finished-at="2019-11-19T18:50:20 IST">
          <reporter-output>
          </reporter-output>
        </test-method> <!-- validateHomePage -->
        <test-method status="PASS" signature="searchItemMethod(java.lang.String, java.lang.String, java.lang.String, java.lang.String, java.lang.String)[pri:2, instance:com.atmecs.qa.script.TutorialsNinjaScript@5d76b067]" name="searchItemMethod" duration-ms="50926" started-at="2019-11-19T18:50:20 IST" data-provider="homePage" finished-at="2019-11-19T18:51:11 IST">
          <params>
            <param index="0">
              <value>
                <![CDATA[macbook]]>
              </value>
            </param>
            <param index="1">
              <value>
                <![CDATA[iphone]]>
              </value>
            </param>
            <param index="2">
              <value>
                <![CDATA[3]]>
              </value>
            </param>
            <param index="3">
              <value>
                <![CDATA[2]]>
              </value>
            </param>
            <param index="4">
              <value>
                <![CDATA[television]]>
              </value>
            </param>
          </params>
          <reporter-output>
          </reporter-output>
        </test-method> <!-- searchItemMethod -->
        <test-method status="PASS" signature="endReport()[pri:0, instance:com.atmecs.qa.script.TutorialsNinjaScript@5d76b067]" name="endReport" is-config="true" duration-ms="558" started-at="2019-11-19T18:51:11 IST" finished-at="2019-11-19T18:51:11 IST">
          <reporter-output>
          </reporter-output>
        </test-method> <!-- endReport -->
      </class> <!-- com.atmecs.qa.script.TutorialsNinjaScript -->
    </test> <!-- tutorialNinjaTest -->
  </suite> <!-- tutorialsNinjaScript -->
</testng-results>
