<?xml version="1.0" encoding="UTF-8"?>
<!-- Generated by org.testng.reporters.JUnitXMLReporter -->
<testsuite hostname="ATMECSINLT-283" ignored="0" name="tutorialNinjaTest" tests="2" failures="0" timestamp="2019-11-19T18:51:11 IST" time="54.86" errors="0">
  <testcase name="validateHomePage" time="0.031" classname="com.atmecs.qa.script.TutorialsNinjaScript"/>
  <testcase name="searchItemMethod" time="50.926" classname="com.atmecs.qa.script.TutorialsNinjaScript"/>
</testsuite> <!-- tutorialNinjaTest -->
